2022-02-19 16:47:15.577  INFO 1188 --- [main] p.PatikaSpringBootDockerApplicationTests : Starting PatikaSpringBootDockerApplicationTests using Java 16.0.1 on DESKTOP-HMJGKH7 with PID 1188 (started by Monster in D:\PatikaSpringBoot_Docker)
2022-02-19 16:47:15.578  INFO 1188 --- [main] p.PatikaSpringBootDockerApplicationTests : No active profile set, falling back to default profiles: default
2022-02-19 16:47:17.102  INFO 1188 --- [main] .s.d.r.c.RepositoryConfigurationDelegate : Multiple Spring Data modules found, entering strict repository configuration mode!
2022-02-19 16:47:17.104  INFO 1188 --- [main] .s.d.r.c.RepositoryConfigurationDelegate : Bootstrapping Spring Data JDBC repositories in DEFAULT mode.
2022-02-19 16:47:17.591  INFO 1188 --- [main] .RepositoryConfigurationExtensionSupport : Spring Data JDBC - Could not safely identify store assignment for repository candidate interface com.patika.repository.ProductRepository. If you want this repository to be a JDBC repository, consider annotating your entities with one of these annotations: org.springframework.data.relational.core.mapping.Table.
2022-02-19 16:47:17.593  INFO 1188 --- [main] .s.d.r.c.RepositoryConfigurationDelegate : Finished Spring Data repository scanning in 483 ms. Found 0 JDBC repository interfaces.
2022-02-19 16:47:17.601  INFO 1188 --- [main] .s.d.r.c.RepositoryConfigurationDelegate : Multiple Spring Data modules found, entering strict repository configuration mode!
2022-02-19 16:47:17.603  INFO 1188 --- [main] .s.d.r.c.RepositoryConfigurationDelegate : Bootstrapping Spring Data JPA repositories in DEFAULT mode.
2022-02-19 16:47:17.631  INFO 1188 --- [main] .s.d.r.c.RepositoryConfigurationDelegate : Finished Spring Data repository scanning in 24 ms. Found 1 JPA repository interfaces.
2022-02-19 16:47:18.348  INFO 1188 --- [main] o.hibernate.jpa.internal.util.LogHelper  : HHH000204: Processing PersistenceUnitInfo [name: default]
2022-02-19 16:47:18.419  INFO 1188 --- [main] org.hibernate.Version                    : HHH000412: Hibernate ORM core version 5.6.4.Final
2022-02-19 16:47:18.622  INFO 1188 --- [main] o.hibernate.annotations.common.Version   : HCANN000001: Hibernate Commons Annotations {5.1.2.Final}
2022-02-19 16:47:18.794  INFO 1188 --- [main] com.zaxxer.hikari.HikariDataSource       : HikariPool-1 - Starting...
2022-02-19 16:47:19.003  INFO 1188 --- [main] com.zaxxer.hikari.HikariDataSource       : HikariPool-1 - Start completed.
2022-02-19 16:47:19.024  INFO 1188 --- [main] org.hibernate.dialect.Dialect            : HHH000400: Using dialect: org.hibernate.dialect.H2Dialect
2022-02-19 16:47:20.009  INFO 1188 --- [main] o.h.e.t.j.p.i.JtaPlatformInitiator       : HHH000490: Using JtaPlatform implementation: [org.hibernate.engine.transaction.jta.platform.internal.NoJtaPlatform]
2022-02-19 16:47:20.021  INFO 1188 --- [main] j.LocalContainerEntityManagerFactoryBean : Initialized JPA EntityManagerFactory for persistence unit 'default'
2022-02-19 16:47:20.874  WARN 1188 --- [main] JpaBaseConfiguration$JpaWebConfiguration : spring.jpa.open-in-view is enabled by default. Therefore, database queries may be performed during view rendering. Explicitly configure spring.jpa.open-in-view to disable this warning
2022-02-19 16:47:21.325  INFO 1188 --- [main] o.s.b.a.h2.H2ConsoleAutoConfiguration    : H2 console available at '/h2-console'. Database available at 'jdbc:h2:file:./memory_persist/denemedb'
2022-02-19 16:47:22.501  WARN 1188 --- [main] ion$DefaultTemplateResolverConfiguration : Cannot find template location: classpath:/templates/ (please add some templates or check your Thymeleaf configuration)
2022-02-19 16:47:23.091  INFO 1188 --- [main] o.s.b.a.e.web.EndpointLinksResolver      : Exposing 1 endpoint(s) beneath base path '/actuator'
2022-02-19 16:47:23.150  INFO 1188 --- [main] p.PatikaSpringBootDockerApplicationTests : Started PatikaSpringBootDockerApplicationTests in 8.095 seconds (JVM running for 10.311)
2022-02-19 16:47:23.489  INFO 1188 --- [SpringApplicationShutdownHook] j.LocalContainerEntityManagerFactoryBean : Closing JPA EntityManagerFactory for persistence unit 'default'
2022-02-19 16:47:23.491  INFO 1188 --- [SpringApplicationShutdownHook] com.zaxxer.hikari.HikariDataSource       : HikariPool-1 - Shutdown initiated...
2022-02-19 16:47:23.496  INFO 1188 --- [SpringApplicationShutdownHook] com.zaxxer.hikari.HikariDataSource       : HikariPool-1 - Shutdown completed.
2022-02-19 16:50:33.570  INFO 6516 --- [restartedMain] c.p.PatikaSpringBootDockerApplication    : Starting PatikaSpringBootDockerApplication using Java 16.0.1 on DESKTOP-HMJGKH7 with PID 6516 (D:\PatikaSpringBoot_Docker\target\classes started by Monster in D:\PatikaSpringBoot_Docker)
2022-02-19 16:50:33.571  INFO 6516 --- [restartedMain] c.p.PatikaSpringBootDockerApplication    : No active profile set, falling back to default profiles: default
2022-02-19 16:50:33.618  INFO 6516 --- [restartedMain] .e.DevToolsPropertyDefaultsPostProcessor : Devtools property defaults active! Set 'spring.devtools.add-properties' to 'false' to disable
2022-02-19 16:50:33.618  INFO 6516 --- [restartedMain] .e.DevToolsPropertyDefaultsPostProcessor : For additional web related logging consider setting the 'logging.level.web' property to 'DEBUG'
2022-02-19 16:50:35.186  INFO 6516 --- [restartedMain] .s.d.r.c.RepositoryConfigurationDelegate : Multiple Spring Data modules found, entering strict repository configuration mode!
2022-02-19 16:50:35.187  INFO 6516 --- [restartedMain] .s.d.r.c.RepositoryConfigurationDelegate : Bootstrapping Spring Data JDBC repositories in DEFAULT mode.
2022-02-19 16:50:35.216  INFO 6516 --- [restartedMain] .RepositoryConfigurationExtensionSupport : Spring Data JDBC - Could not safely identify store assignment for repository candidate interface com.patika.repository.ProductRepository. If you want this repository to be a JDBC repository, consider annotating your entities with one of these annotations: org.springframework.data.relational.core.mapping.Table.
2022-02-19 16:50:35.217  INFO 6516 --- [restartedMain] .s.d.r.c.RepositoryConfigurationDelegate : Finished Spring Data repository scanning in 25 ms. Found 0 JDBC repository interfaces.
2022-02-19 16:50:35.226  INFO 6516 --- [restartedMain] .s.d.r.c.RepositoryConfigurationDelegate : Multiple Spring Data modules found, entering strict repository configuration mode!
2022-02-19 16:50:35.226  INFO 6516 --- [restartedMain] .s.d.r.c.RepositoryConfigurationDelegate : Bootstrapping Spring Data JPA repositories in DEFAULT mode.
2022-02-19 16:50:35.248  INFO 6516 --- [restartedMain] .s.d.r.c.RepositoryConfigurationDelegate : Finished Spring Data repository scanning in 19 ms. Found 1 JPA repository interfaces.
2022-02-19 16:50:36.047  INFO 6516 --- [restartedMain] o.s.b.w.embedded.tomcat.TomcatWebServer  : Tomcat initialized with port(s): 8080 (http)
2022-02-19 16:50:36.061  INFO 6516 --- [restartedMain] o.apache.catalina.core.StandardService   : Starting service [Tomcat]
2022-02-19 16:50:36.062  INFO 6516 --- [restartedMain] org.apache.catalina.core.StandardEngine  : Starting Servlet engine: [Apache Tomcat/9.0.56]
2022-02-19 16:50:36.175  INFO 6516 --- [restartedMain] o.a.c.c.C.[Tomcat].[localhost].[/]       : Initializing Spring embedded WebApplicationContext
2022-02-19 16:50:36.176  INFO 6516 --- [restartedMain] w.s.c.ServletWebServerApplicationContext : Root WebApplicationContext: initialization completed in 2557 ms
2022-02-19 16:50:36.278  INFO 6516 --- [restartedMain] com.zaxxer.hikari.HikariDataSource       : HikariPool-1 - Starting...
2022-02-19 16:50:36.379  INFO 6516 --- [restartedMain] com.zaxxer.hikari.HikariDataSource       : HikariPool-1 - Start completed.
2022-02-19 16:50:36.388  INFO 6516 --- [restartedMain] o.s.b.a.h2.H2ConsoleAutoConfiguration    : H2 console available at '/h2-console'. Database available at 'jdbc:h2:file:./memory_persist/denemedb'
2022-02-19 16:50:36.519  INFO 6516 --- [restartedMain] o.hibernate.jpa.internal.util.LogHelper  : HHH000204: Processing PersistenceUnitInfo [name: default]
2022-02-19 16:50:36.562  INFO 6516 --- [restartedMain] org.hibernate.Version                    : HHH000412: Hibernate ORM core version 5.6.4.Final
2022-02-19 16:50:36.682  INFO 6516 --- [restartedMain] o.hibernate.annotations.common.Version   : HCANN000001: Hibernate Commons Annotations {5.1.2.Final}
2022-02-19 16:50:36.765  INFO 6516 --- [restartedMain] org.hibernate.dialect.Dialect            : HHH000400: Using dialect: org.hibernate.dialect.H2Dialect
2022-02-19 16:50:38.120  INFO 6516 --- [restartedMain] o.h.e.t.j.p.i.JtaPlatformInitiator       : HHH000490: Using JtaPlatform implementation: [org.hibernate.engine.transaction.jta.platform.internal.NoJtaPlatform]
2022-02-19 16:50:38.128  INFO 6516 --- [restartedMain] j.LocalContainerEntityManagerFactoryBean : Initialized JPA EntityManagerFactory for persistence unit 'default'
2022-02-19 16:50:38.511  WARN 6516 --- [restartedMain] JpaBaseConfiguration$JpaWebConfiguration : spring.jpa.open-in-view is enabled by default. Therefore, database queries may be performed during view rendering. Explicitly configure spring.jpa.open-in-view to disable this warning
2022-02-19 16:50:39.661  WARN 6516 --- [restartedMain] ion$DefaultTemplateResolverConfiguration : Cannot find template location: classpath:/templates/ (please add some templates or check your Thymeleaf configuration)
2022-02-19 16:50:39.994  INFO 6516 --- [restartedMain] o.s.b.d.a.OptionalLiveReloadServer       : LiveReload server is running on port 35729
2022-02-19 16:50:39.999  INFO 6516 --- [restartedMain] o.s.b.a.e.web.EndpointLinksResolver      : Exposing 1 endpoint(s) beneath base path '/actuator'
2022-02-19 16:50:40.087  INFO 6516 --- [restartedMain] o.s.b.w.embedded.tomcat.TomcatWebServer  : Tomcat started on port(s): 8080 (http) with context path ''
2022-02-19 16:50:40.106  INFO 6516 --- [restartedMain] c.p.PatikaSpringBootDockerApplication    : Started PatikaSpringBootDockerApplication in 6.948 seconds (JVM running for 8.486)
2022-02-19 16:50:40.478  INFO 6516 --- [RMI TCP Connection(6)-192.168.1.4] o.a.c.c.C.[Tomcat].[localhost].[/]       : Initializing Spring DispatcherServlet 'dispatcherServlet'
2022-02-19 16:50:40.478  INFO 6516 --- [RMI TCP Connection(6)-192.168.1.4] o.s.web.servlet.DispatcherServlet        : Initializing Servlet 'dispatcherServlet'
2022-02-19 16:50:40.480  INFO 6516 --- [RMI TCP Connection(6)-192.168.1.4] o.s.web.servlet.DispatcherServlet        : Completed initialization in 2 ms
2022-02-19 16:52:12.243  WARN 6516 --- [http-nio-8080-exec-1] .w.s.m.s.DefaultHandlerExceptionResolver : Resolved [org.springframework.web.HttpMediaTypeNotSupportedException: Content type 'text/plain;charset=UTF-8' not supported]
2022-02-19 16:56:34.528  INFO 6516 --- [SpringApplicationShutdownHook] j.LocalContainerEntityManagerFactoryBean : Closing JPA EntityManagerFactory for persistence unit 'default'
2022-02-19 16:56:34.532  INFO 6516 --- [SpringApplicationShutdownHook] com.zaxxer.hikari.HikariDataSource       : HikariPool-1 - Shutdown initiated...
2022-02-19 16:56:34.534  INFO 6516 --- [SpringApplicationShutdownHook] com.zaxxer.hikari.HikariDataSource       : HikariPool-1 - Shutdown completed.
2022-02-19 17:00:35.206  INFO 14296 --- [restartedMain] c.p.PatikaSpringBootDockerApplication    : Starting PatikaSpringBootDockerApplication using Java 16.0.1 on DESKTOP-HMJGKH7 with PID 14296 (D:\PatikaSpringBoot_Docker\target\classes started by Monster in D:\PatikaSpringBoot_Docker)
2022-02-19 17:00:35.210  INFO 14296 --- [restartedMain] c.p.PatikaSpringBootDockerApplication    : No active profile set, falling back to default profiles: default
2022-02-19 17:00:35.266  INFO 14296 --- [restartedMain] .e.DevToolsPropertyDefaultsPostProcessor : Devtools property defaults active! Set 'spring.devtools.add-properties' to 'false' to disable
2022-02-19 17:00:35.266  INFO 14296 --- [restartedMain] .e.DevToolsPropertyDefaultsPostProcessor : For additional web related logging consider setting the 'logging.level.web' property to 'DEBUG'
2022-02-19 17:00:36.535  INFO 14296 --- [restartedMain] .s.d.r.c.RepositoryConfigurationDelegate : Multiple Spring Data modules found, entering strict repository configuration mode!
2022-02-19 17:00:36.535  INFO 14296 --- [restartedMain] .s.d.r.c.RepositoryConfigurationDelegate : Bootstrapping Spring Data JDBC repositories in DEFAULT mode.
2022-02-19 17:00:36.570  INFO 14296 --- [restartedMain] .RepositoryConfigurationExtensionSupport : Spring Data JDBC - Could not safely identify store assignment for repository candidate interface com.patika.repository.ProductRepository. If you want this repository to be a JDBC repository, consider annotating your entities with one of these annotations: org.springframework.data.relational.core.mapping.Table.
2022-02-19 17:00:36.571  INFO 14296 --- [restartedMain] .s.d.r.c.RepositoryConfigurationDelegate : Finished Spring Data repository scanning in 31 ms. Found 0 JDBC repository interfaces.
2022-02-19 17:00:36.580  INFO 14296 --- [restartedMain] .s.d.r.c.RepositoryConfigurationDelegate : Multiple Spring Data modules found, entering strict repository configuration mode!
2022-02-19 17:00:36.580  INFO 14296 --- [restartedMain] .s.d.r.c.RepositoryConfigurationDelegate : Bootstrapping Spring Data JPA repositories in DEFAULT mode.
2022-02-19 17:00:36.604  INFO 14296 --- [restartedMain] .s.d.r.c.RepositoryConfigurationDelegate : Finished Spring Data repository scanning in 21 ms. Found 1 JPA repository interfaces.
2022-02-19 17:00:37.173  INFO 14296 --- [restartedMain] o.s.b.w.embedded.tomcat.TomcatWebServer  : Tomcat initialized with port(s): 8080 (http)
2022-02-19 17:00:37.181  INFO 14296 --- [restartedMain] o.apache.catalina.core.StandardService   : Starting service [Tomcat]
2022-02-19 17:00:37.182  INFO 14296 --- [restartedMain] org.apache.catalina.core.StandardEngine  : Starting Servlet engine: [Apache Tomcat/9.0.56]
2022-02-19 17:00:37.278  INFO 14296 --- [restartedMain] o.a.c.c.C.[Tomcat].[localhost].[/]       : Initializing Spring embedded WebApplicationContext
2022-02-19 17:00:37.279  INFO 14296 --- [restartedMain] w.s.c.ServletWebServerApplicationContext : Root WebApplicationContext: initialization completed in 2012 ms
2022-02-19 17:00:37.393  INFO 14296 --- [restartedMain] com.zaxxer.hikari.HikariDataSource       : HikariPool-1 - Starting...
2022-02-19 17:00:37.563  INFO 14296 --- [restartedMain] com.zaxxer.hikari.HikariDataSource       : HikariPool-1 - Start completed.
2022-02-19 17:00:37.576  INFO 14296 --- [restartedMain] o.s.b.a.h2.H2ConsoleAutoConfiguration    : H2 console available at '/h2-console'. Database available at 'jdbc:h2:file:./memory_persist/denemedb'
2022-02-19 17:00:37.706  INFO 14296 --- [restartedMain] o.hibernate.jpa.internal.util.LogHelper  : HHH000204: Processing PersistenceUnitInfo [name: default]
2022-02-19 17:00:37.792  INFO 14296 --- [restartedMain] org.hibernate.Version                    : HHH000412: Hibernate ORM core version 5.6.4.Final
2022-02-19 17:00:37.917  INFO 14296 --- [restartedMain] o.hibernate.annotations.common.Version   : HCANN000001: Hibernate Commons Annotations {5.1.2.Final}
2022-02-19 17:00:38.026  INFO 14296 --- [restartedMain] org.hibernate.dialect.Dialect            : HHH000400: Using dialect: org.hibernate.dialect.H2Dialect
2022-02-19 17:00:38.587  INFO 14296 --- [restartedMain] o.h.e.t.j.p.i.JtaPlatformInitiator       : HHH000490: Using JtaPlatform implementation: [org.hibernate.engine.transaction.jta.platform.internal.NoJtaPlatform]
2022-02-19 17:00:38.595  INFO 14296 --- [restartedMain] j.LocalContainerEntityManagerFactoryBean : Initialized JPA EntityManagerFactory for persistence unit 'default'
2022-02-19 17:00:38.960  WARN 14296 --- [restartedMain] JpaBaseConfiguration$JpaWebConfiguration : spring.jpa.open-in-view is enabled by default. Therefore, database queries may be performed during view rendering. Explicitly configure spring.jpa.open-in-view to disable this warning
2022-02-19 17:00:39.663  WARN 14296 --- [restartedMain] ion$DefaultTemplateResolverConfiguration : Cannot find template location: classpath:/templates/ (please add some templates or check your Thymeleaf configuration)
2022-02-19 17:00:40.025  INFO 14296 --- [restartedMain] o.s.b.d.a.OptionalLiveReloadServer       : LiveReload server is running on port 35729
2022-02-19 17:00:40.032  INFO 14296 --- [restartedMain] o.s.b.a.e.web.EndpointLinksResolver      : Exposing 1 endpoint(s) beneath base path '/actuator'
2022-02-19 17:00:40.101  INFO 14296 --- [restartedMain] o.s.b.w.embedded.tomcat.TomcatWebServer  : Tomcat started on port(s): 8080 (http) with context path ''
2022-02-19 17:00:40.120  INFO 14296 --- [restartedMain] c.p.PatikaSpringBootDockerApplication    : Started PatikaSpringBootDockerApplication in 5.372 seconds (JVM running for 6.35)
2022-02-19 17:00:40.425  INFO 14296 --- [RMI TCP Connection(3)-192.168.1.4] o.a.c.c.C.[Tomcat].[localhost].[/]       : Initializing Spring DispatcherServlet 'dispatcherServlet'
2022-02-19 17:00:40.426  INFO 14296 --- [RMI TCP Connection(3)-192.168.1.4] o.s.web.servlet.DispatcherServlet        : Initializing Servlet 'dispatcherServlet'
2022-02-19 17:00:40.429  INFO 14296 --- [RMI TCP Connection(3)-192.168.1.4] o.s.web.servlet.DispatcherServlet        : Completed initialization in 2 ms
2022-02-19 17:04:15.077  WARN 14296 --- [http-nio-8080-exec-9] .w.s.m.a.ResponseStatusExceptionResolver : Resolved [com.patika.exception.ResourceNotFoundException: 8 product id bulunamadı ]
2022-02-19 17:06:10.414  INFO 14296 --- [SpringApplicationShutdownHook] j.LocalContainerEntityManagerFactoryBean : Closing JPA EntityManagerFactory for persistence unit 'default'
2022-02-19 17:06:10.417  INFO 14296 --- [SpringApplicationShutdownHook] com.zaxxer.hikari.HikariDataSource       : HikariPool-1 - Shutdown initiated...
2022-02-19 17:06:10.420  INFO 14296 --- [SpringApplicationShutdownHook] com.zaxxer.hikari.HikariDataSource       : HikariPool-1 - Shutdown completed.
2022-02-19 17:16:24.527  INFO 1744 --- [restartedMain] c.p.PatikaSpringBootDockerApplication    : Starting PatikaSpringBootDockerApplication using Java 16.0.1 on DESKTOP-HMJGKH7 with PID 1744 (D:\PatikaSpringBoot_Docker\target\classes started by Monster in D:\PatikaSpringBoot_Docker)
2022-02-19 17:16:24.529  INFO 1744 --- [restartedMain] c.p.PatikaSpringBootDockerApplication    : No active profile set, falling back to default profiles: default
2022-02-19 17:16:24.586  INFO 1744 --- [restartedMain] .e.DevToolsPropertyDefaultsPostProcessor : Devtools property defaults active! Set 'spring.devtools.add-properties' to 'false' to disable
2022-02-19 17:16:24.587  INFO 1744 --- [restartedMain] .e.DevToolsPropertyDefaultsPostProcessor : For additional web related logging consider setting the 'logging.level.web' property to 'DEBUG'
2022-02-19 17:16:25.563  INFO 1744 --- [restartedMain] .s.d.r.c.RepositoryConfigurationDelegate : Multiple Spring Data modules found, entering strict repository configuration mode!
2022-02-19 17:16:25.564  INFO 1744 --- [restartedMain] .s.d.r.c.RepositoryConfigurationDelegate : Bootstrapping Spring Data JDBC repositories in DEFAULT mode.
2022-02-19 17:16:25.591  INFO 1744 --- [restartedMain] .RepositoryConfigurationExtensionSupport : Spring Data JDBC - Could not safely identify store assignment for repository candidate interface com.patika.repository.ProductRepository. If you want this repository to be a JDBC repository, consider annotating your entities with one of these annotations: org.springframework.data.relational.core.mapping.Table.
2022-02-19 17:16:25.592  INFO 1744 --- [restartedMain] .s.d.r.c.RepositoryConfigurationDelegate : Finished Spring Data repository scanning in 23 ms. Found 0 JDBC repository interfaces.
2022-02-19 17:16:25.600  INFO 1744 --- [restartedMain] .s.d.r.c.RepositoryConfigurationDelegate : Multiple Spring Data modules found, entering strict repository configuration mode!
2022-02-19 17:16:25.600  INFO 1744 --- [restartedMain] .s.d.r.c.RepositoryConfigurationDelegate : Bootstrapping Spring Data JPA repositories in DEFAULT mode.
2022-02-19 17:16:25.627  INFO 1744 --- [restartedMain] .s.d.r.c.RepositoryConfigurationDelegate : Finished Spring Data repository scanning in 22 ms. Found 1 JPA repository interfaces.
2022-02-19 17:16:26.164  INFO 1744 --- [restartedMain] o.s.b.w.embedded.tomcat.TomcatWebServer  : Tomcat initialized with port(s): 8080 (http)
2022-02-19 17:16:26.172  INFO 1744 --- [restartedMain] o.apache.catalina.core.StandardService   : Starting service [Tomcat]
2022-02-19 17:16:26.173  INFO 1744 --- [restartedMain] org.apache.catalina.core.StandardEngine  : Starting Servlet engine: [Apache Tomcat/9.0.56]
2022-02-19 17:16:26.263  INFO 1744 --- [restartedMain] o.a.c.c.C.[Tomcat].[localhost].[/]       : Initializing Spring embedded WebApplicationContext
2022-02-19 17:16:26.263  INFO 1744 --- [restartedMain] w.s.c.ServletWebServerApplicationContext : Root WebApplicationContext: initialization completed in 1675 ms
2022-02-19 17:16:26.474  INFO 1744 --- [restartedMain] o.hibernate.jpa.internal.util.LogHelper  : HHH000204: Processing PersistenceUnitInfo [name: default]
2022-02-19 17:16:26.517  INFO 1744 --- [restartedMain] org.hibernate.Version                    : HHH000412: Hibernate ORM core version 5.6.4.Final
2022-02-19 17:16:26.631  INFO 1744 --- [restartedMain] o.hibernate.annotations.common.Version   : HCANN000001: Hibernate Commons Annotations {5.1.2.Final}
2022-02-19 17:16:26.718  INFO 1744 --- [restartedMain] com.zaxxer.hikari.HikariDataSource       : HikariPool-1 - Starting...
2022-02-19 17:16:26.919  INFO 1744 --- [restartedMain] com.zaxxer.hikari.HikariDataSource       : HikariPool-1 - Start completed.
2022-02-19 17:16:26.940  INFO 1744 --- [restartedMain] org.hibernate.dialect.Dialect            : HHH000400: Using dialect: org.hibernate.dialect.PostgreSQL10Dialect
2022-02-19 17:16:27.604  INFO 1744 --- [restartedMain] o.h.e.t.j.p.i.JtaPlatformInitiator       : HHH000490: Using JtaPlatform implementation: [org.hibernate.engine.transaction.jta.platform.internal.NoJtaPlatform]
2022-02-19 17:16:27.611  INFO 1744 --- [restartedMain] j.LocalContainerEntityManagerFactoryBean : Initialized JPA EntityManagerFactory for persistence unit 'default'
2022-02-19 17:16:27.994  WARN 1744 --- [restartedMain] JpaBaseConfiguration$JpaWebConfiguration : spring.jpa.open-in-view is enabled by default. Therefore, database queries may be performed during view rendering. Explicitly configure spring.jpa.open-in-view to disable this warning
2022-02-19 17:16:28.656  WARN 1744 --- [restartedMain] ion$DefaultTemplateResolverConfiguration : Cannot find template location: classpath:/templates/ (please add some templates or check your Thymeleaf configuration)
2022-02-19 17:16:28.980  INFO 1744 --- [restartedMain] o.s.b.d.a.OptionalLiveReloadServer       : LiveReload server is running on port 35729
2022-02-19 17:16:28.985  INFO 1744 --- [restartedMain] o.s.b.a.e.web.EndpointLinksResolver      : Exposing 1 endpoint(s) beneath base path '/actuator'
2022-02-19 17:16:29.031  INFO 1744 --- [restartedMain] o.s.b.w.embedded.tomcat.TomcatWebServer  : Tomcat started on port(s): 8080 (http) with context path ''
2022-02-19 17:16:29.048  INFO 1744 --- [restartedMain] c.p.PatikaSpringBootDockerApplication    : Started PatikaSpringBootDockerApplication in 4.926 seconds (JVM running for 5.73)
2022-02-19 17:16:29.613  INFO 1744 --- [RMI TCP Connection(2)-192.168.1.4] o.a.c.c.C.[Tomcat].[localhost].[/]       : Initializing Spring DispatcherServlet 'dispatcherServlet'
2022-02-19 17:16:29.613  INFO 1744 --- [RMI TCP Connection(2)-192.168.1.4] o.s.web.servlet.DispatcherServlet        : Initializing Servlet 'dispatcherServlet'
2022-02-19 17:16:29.615  INFO 1744 --- [RMI TCP Connection(2)-192.168.1.4] o.s.web.servlet.DispatcherServlet        : Completed initialization in 2 ms
2022-02-19 17:17:43.960  INFO 1744 --- [SpringApplicationShutdownHook] j.LocalContainerEntityManagerFactoryBean : Closing JPA EntityManagerFactory for persistence unit 'default'
2022-02-19 17:17:43.963  INFO 1744 --- [SpringApplicationShutdownHook] com.zaxxer.hikari.HikariDataSource       : HikariPool-1 - Shutdown initiated...
2022-02-19 17:17:43.968  INFO 1744 --- [SpringApplicationShutdownHook] com.zaxxer.hikari.HikariDataSource       : HikariPool-1 - Shutdown completed.
2022-02-19 17:34:58.805  INFO 7688 --- [restartedMain] c.p.PatikaSpringBootDockerApplication    : Starting PatikaSpringBootDockerApplication using Java 16.0.1 on DESKTOP-HMJGKH7 with PID 7688 (D:\PatikaSpringBoot_Docker\target\classes started by Monster in D:\PatikaSpringBoot_Docker)
2022-02-19 17:34:58.806  INFO 7688 --- [restartedMain] c.p.PatikaSpringBootDockerApplication    : No active profile set, falling back to default profiles: default
2022-02-19 17:34:58.859  INFO 7688 --- [restartedMain] .e.DevToolsPropertyDefaultsPostProcessor : Devtools property defaults active! Set 'spring.devtools.add-properties' to 'false' to disable
2022-02-19 17:34:58.860  INFO 7688 --- [restartedMain] .e.DevToolsPropertyDefaultsPostProcessor : For additional web related logging consider setting the 'logging.level.web' property to 'DEBUG'
2022-02-19 17:34:59.800  INFO 7688 --- [restartedMain] .s.d.r.c.RepositoryConfigurationDelegate : Multiple Spring Data modules found, entering strict repository configuration mode!
2022-02-19 17:34:59.801  INFO 7688 --- [restartedMain] .s.d.r.c.RepositoryConfigurationDelegate : Bootstrapping Spring Data JDBC repositories in DEFAULT mode.
2022-02-19 17:34:59.824  INFO 7688 --- [restartedMain] .RepositoryConfigurationExtensionSupport : Spring Data JDBC - Could not safely identify store assignment for repository candidate interface com.patika.repository.ProductRepository. If you want this repository to be a JDBC repository, consider annotating your entities with one of these annotations: org.springframework.data.relational.core.mapping.Table.
2022-02-19 17:34:59.825  INFO 7688 --- [restartedMain] .s.d.r.c.RepositoryConfigurationDelegate : Finished Spring Data repository scanning in 20 ms. Found 0 JDBC repository interfaces.
2022-02-19 17:34:59.841  INFO 7688 --- [restartedMain] .s.d.r.c.RepositoryConfigurationDelegate : Multiple Spring Data modules found, entering strict repository configuration mode!
2022-02-19 17:34:59.842  INFO 7688 --- [restartedMain] .s.d.r.c.RepositoryConfigurationDelegate : Bootstrapping Spring Data JPA repositories in DEFAULT mode.
2022-02-19 17:34:59.864  INFO 7688 --- [restartedMain] .s.d.r.c.RepositoryConfigurationDelegate : Finished Spring Data repository scanning in 17 ms. Found 1 JPA repository interfaces.
2022-02-19 17:35:00.386  INFO 7688 --- [restartedMain] o.s.b.w.embedded.tomcat.TomcatWebServer  : Tomcat initialized with port(s): 8080 (http)
2022-02-19 17:35:00.395  INFO 7688 --- [restartedMain] o.apache.catalina.core.StandardService   : Starting service [Tomcat]
2022-02-19 17:35:00.396  INFO 7688 --- [restartedMain] org.apache.catalina.core.StandardEngine  : Starting Servlet engine: [Apache Tomcat/9.0.56]
2022-02-19 17:35:00.488  INFO 7688 --- [restartedMain] o.a.c.c.C.[Tomcat].[localhost].[/]       : Initializing Spring embedded WebApplicationContext
2022-02-19 17:35:00.488  INFO 7688 --- [restartedMain] w.s.c.ServletWebServerApplicationContext : Root WebApplicationContext: initialization completed in 1627 ms
2022-02-19 17:35:00.579  INFO 7688 --- [restartedMain] com.zaxxer.hikari.HikariDataSource       : HikariPool-1 - Starting...
2022-02-19 17:35:00.692  INFO 7688 --- [restartedMain] com.zaxxer.hikari.HikariDataSource       : HikariPool-1 - Start completed.
2022-02-19 17:35:00.702  INFO 7688 --- [restartedMain] o.s.b.a.h2.H2ConsoleAutoConfiguration    : H2 console available at '/h2-console'. Database available at 'jdbc:h2:file:./memory_persist/denemedb'
2022-02-19 17:35:00.827  INFO 7688 --- [restartedMain] o.hibernate.jpa.internal.util.LogHelper  : HHH000204: Processing PersistenceUnitInfo [name: default]
2022-02-19 17:35:00.867  INFO 7688 --- [restartedMain] org.hibernate.Version                    : HHH000412: Hibernate ORM core version 5.6.4.Final
2022-02-19 17:35:00.989  INFO 7688 --- [restartedMain] o.hibernate.annotations.common.Version   : HCANN000001: Hibernate Commons Annotations {5.1.2.Final}
2022-02-19 17:35:01.074  INFO 7688 --- [restartedMain] org.hibernate.dialect.Dialect            : HHH000400: Using dialect: org.hibernate.dialect.H2Dialect
2022-02-19 17:35:01.598  INFO 7688 --- [restartedMain] o.h.e.t.j.p.i.JtaPlatformInitiator       : HHH000490: Using JtaPlatform implementation: [org.hibernate.engine.transaction.jta.platform.internal.NoJtaPlatform]
2022-02-19 17:35:01.606  INFO 7688 --- [restartedMain] j.LocalContainerEntityManagerFactoryBean : Initialized JPA EntityManagerFactory for persistence unit 'default'
2022-02-19 17:35:01.940  WARN 7688 --- [restartedMain] JpaBaseConfiguration$JpaWebConfiguration : spring.jpa.open-in-view is enabled by default. Therefore, database queries may be performed during view rendering. Explicitly configure spring.jpa.open-in-view to disable this warning
2022-02-19 17:35:02.558  WARN 7688 --- [restartedMain] ion$DefaultTemplateResolverConfiguration : Cannot find template location: classpath:/templates/ (please add some templates or check your Thymeleaf configuration)
2022-02-19 17:35:02.881  INFO 7688 --- [restartedMain] o.s.b.d.a.OptionalLiveReloadServer       : LiveReload server is running on port 35729
2022-02-19 17:35:02.886  INFO 7688 --- [restartedMain] o.s.b.a.e.web.EndpointLinksResolver      : Exposing 1 endpoint(s) beneath base path '/actuator'
2022-02-19 17:35:02.945  INFO 7688 --- [restartedMain] o.s.b.w.embedded.tomcat.TomcatWebServer  : Tomcat started on port(s): 8080 (http) with context path ''
2022-02-19 17:35:02.961  INFO 7688 --- [restartedMain] c.p.PatikaSpringBootDockerApplication    : Started PatikaSpringBootDockerApplication in 4.585 seconds (JVM running for 5.787)
2022-02-19 17:35:03.500  INFO 7688 --- [RMI TCP Connection(2)-192.168.1.4] o.a.c.c.C.[Tomcat].[localhost].[/]       : Initializing Spring DispatcherServlet 'dispatcherServlet'
2022-02-19 17:35:03.501  INFO 7688 --- [RMI TCP Connection(2)-192.168.1.4] o.s.web.servlet.DispatcherServlet        : Initializing Servlet 'dispatcherServlet'
2022-02-19 17:35:03.502  INFO 7688 --- [RMI TCP Connection(2)-192.168.1.4] o.s.web.servlet.DispatcherServlet        : Completed initialization in 1 ms
2022-02-19 17:37:42.479  INFO 7688 --- [SpringApplicationShutdownHook] j.LocalContainerEntityManagerFactoryBean : Closing JPA EntityManagerFactory for persistence unit 'default'
2022-02-19 17:37:42.483  INFO 7688 --- [SpringApplicationShutdownHook] com.zaxxer.hikari.HikariDataSource       : HikariPool-1 - Shutdown initiated...
2022-02-19 17:37:42.485  INFO 7688 --- [SpringApplicationShutdownHook] com.zaxxer.hikari.HikariDataSource       : HikariPool-1 - Shutdown completed.
